
================================================================
======== txAdmin v7.1.0 atop fxserver 8216 Starting - 5/31/2024, 6:57:23 PM
================================================================
[18:57:28][DanDiablosTV] logged in from 127.0.0.1 via password
[18:57:49][DanDiablosTV] Changing global/fxserver settings via setup stepper.
[19:08:28][DanDiablosTV] executed "RESTART SERVER"
[20:23:27][DanDiablosTV] executed "RESTART SERVER"
[20:39:24][DanDiablosTV] executed "RESTART SERVER"
[20:41:53][DanDiablosTV] executed "RESTART SERVER"
[21:02:33][DanDiablosTV] executed "RESTART SERVER"
[21:25:18][DanDiablosTV] executed "RESTART SERVER"
[21:29:02][DanDiablosTV] executed "RESTART SERVER"
[21:38:03][DanDiablosTV] executed "RESTART SERVER"
[22:44:05][DanDiablosTV] executed "RESTART SERVER"
[22:47:23][DanDiablosTV] executed "fg unban 1"
[22:48:29][DanDiablosTV] executed "restart dyn-seas"
[22:51:47][DanDiablosTV] executed "RESTART SERVER"
[22:58:31][DanDiablosTV] executed "RESTART SERVER"
[23:10:09][DanDiablosTV] executed "RESTART SERVER"
[23:18:23][DanDiablosTV] executed "RESTART SERVER"
[23:20:01][DanDiablosTV] executed "RESTART SERVER"
[23:25:19][DanDiablosTV] executed "RESTART SERVER"
[23:29:07][DanDiablosTV] executed "RESTART SERVER"
[23:54:30][DanDiablosTV] executed "RESTART SERVER"
[23:57:50][DanDiablosTV] executed "RESTART SERVER"
[00:00:51][DanDiablosTV] executed "RESTART SERVER"
[00:13:27][DanDiablosTV] executed "RESTART SERVER"
[11:37:20][DanDiablosTV] executed "fg unban 2"
[11:59:35][DanDiablosTV] executed "RESTART SERVER"
[19:29:18][DanDiablosTV] executed "RESTART SERVER"

================================================================
======== txAdmin v7.1.0 atop fxserver 8216 Starting - 6/1/2024, 10:10:22 PM
================================================================
[22:10:43][DanDiablosTV] logged in from 127.0.0.1 via cfxre
[22:11:10][DanDiablosTV] executed "RESTART SERVER"
[22:14:09][DanDiablosTV] executed "RESTART SERVER"

================================================================
======== txAdmin v7.1.0 atop fxserver 8216 Starting - 6/1/2024, 10:19:16 PM
================================================================

================================================================
======== txAdmin v7.1.0 atop fxserver 8216 Starting - 6/1/2024, 10:19:36 PM
================================================================
[22:19:42][DanDiablosTV] logged in from 127.0.0.1 via cfxre

================================================================
======== txAdmin v7.1.0 atop fxserver 8216 Starting - 6/1/2024, 10:20:33 PM
================================================================

================================================================
======== txAdmin v7.1.0 atop fxserver 8216 Starting - 6/1/2024, 10:20:59 PM
================================================================
[22:21:09][DanDiablosTV] logged in from 127.0.0.1 via cfxre
[22:21:42][DanDiablosTV] Changing fxRunner settings.
[22:21:46][DanDiablosTV] executed "START SERVER"
[22:33:09][DanDiablosTV] executed "RESTART SERVER"
