
================================================================
======== FXServer Starting - 5/31/2024, 6:57:49 PM              
================================================================
[           resources] Scanning resources.
[ resources:rmodm4gts] Warning: rmodm4gts has an outdated manifest (__resource.lua instead of fxmanifest.lua)
[           resources] Found 102 resources.
[           resources] 1 warning was encountered.
[          svadhesive] Authenticating server license key...
[          svadhesive] Server license key authentication succeeded. Welcome!
[    c-scripting-core] Creating script environments for sessionmanager
[           resources] Started resource sessionmanager
[    c-scripting-core] Creating script environments for monitor
[      script:monitor] [txAdmin] Resource v7.1.0 threads and commands set up. All Ready.
[           resources] Started resource monitor
[    c-scripting-core] Creating script environments for mapmanager
[           resources] Started resource mapmanager
[    c-scripting-core] Creating script environments for yarn
[           resources] Started resource yarn
[    c-scripting-core] Creating script environments for webpack
[           resources] Started resource webpack
[ citizen-server-impl] Running build tasks on resource chat - it'll restart once completed.
[      script:webpack] chat: started building webpack.config.js
[ citizen-server-impl] [93mCouldn't start resource chat.
[           resources] Started resource spawnmanager
[   script:mapmanager] Started gametype Freeroam
[           resources] Started resource basic-gamemode
[    c-scripting-core] [0mCreating script environments for hardcap
[           resources] Started resource hardcap
[38;5;161m[    c-scripting-core] Creating script environments for baseevents
[           resources] Started resource baseevents
[    c-scripting-core] Creating script environments for oxmysql
[           resources] Started resource oxmysql
[    c-scripting-core] Creating script environments for qb-core
[           resources] Started resource qb-core
[           resources] Started resource menuv
[    c-scripting-core] Creating script environments for qb-adminmenu
[           resources] Started resource qb-adminmenu
[    c-scripting-core] Creating script environments for qb-ambulancejob
[           resources] Started resource qb-ambulancejob
[38;5;83m[           resources] Started resource qb-interior
[38;5;161m[    c-scripting-core] Creating script environments for qb-clothing
[           resources] Started resource qb-clothing
[    c-scripting-core] Creating script environments for qb-weathersync
[           resources] Started resource qb-weathersync
[38;5;161m[    c-scripting-core] Creating script environments for qb-apartments
[           resources] Started resource qb-apartments
[    c-scripting-core] Creating script environments for qb-banking
[           resources] Started resource qb-banking
[    c-scripting-core] Creating script environments for PolyZone
[38;5;83m[           resources] Started resource PolyZone
[    c-scripting-core] Creating script environments for qb-bankrobbery
[           resources] Started resource qb-bankrobbery
[    c-scripting-core] Creating script environments for qb-busjob
[           resources] Started resource qb-busjob
[    c-scripting-core] Creating script environments for qb-cityhall
[           resources] Started resource qb-cityhall
[    c-scripting-core] Creating script environments for qb-crafting
[           resources] Started resource qb-crafting
[           resources] Started resource qb-minigames
[    c-scripting-core] Creating script environments for qb-crypto
[           resources] Started resource qb-crypto
[    c-scripting-core] Creating script environments for qb-diving
[38;5;83m[           resources] Started resource qb-diving
[    c-scripting-core] Creating script environments for qb-doorlock
[           resources] Started resource qb-doorlock
[    c-scripting-core] Creating script environments for qb-drugs
[38;5;83m[           resources] Started resource qb-drugs
[    c-scripting-core] Creating script environments for qb-garages
[           resources] Started resource qb-garages
[    c-scripting-core] Creating script environments for qb-garbagejob
[           resources] Started resource qb-garbagejob
[    c-scripting-core] Creating script environments for qb-hotdogjob
[           resources] Started resource qb-hotdogjob
[    c-scripting-core] Creating script environments for qb-houserobbery
[           resources] Started resource qb-houserobbery
[    c-scripting-core] Creating script environments for qb-houses
[           resources] Started resource qb-houses
[    c-scripting-core] Creating script environments for qb-hud
[38;5;83m[           resources] Started resource qb-hud
[           resources] Started resource qb-input
[    c-scripting-core] Creating script environments for qb-weapons
[38;5;83m[           resources] Started resource qb-weapons
[    c-scripting-core] Creating script environments for qb-inventory
[           resources] Started resource qb-inventory
[    c-scripting-core] Creating script environments for qb-jewelery
[38;5;83m[           resources] Started resource qb-jewelery
[    c-scripting-core] Creating script environments for qb-lapraces
[           resources] Started resource qb-lapraces
[           resources] [0mStarted resource qb-loading
[    c-scripting-core] Creating script environments for qb-management
[           resources] Started resource qb-management
[    c-scripting-core] Creating script environments for qb-mechanicjob
[38;5;83m[           resources] Started resource qb-mechanicjob
[38;5;83m[           resources] Started resource qb-menu
[    c-scripting-core] Creating script environments for qb-spawn
[38;5;83m[           resources] Started resource qb-spawn
[    c-scripting-core] Creating script environments for qb-multicharacter
[           resources] [0mStarted resource qb-multicharacter
[    c-scripting-core] Creating script environments for qb-newsjob
[           resources] Started resource qb-newsjob
[    c-scripting-core] Creating script environments for qb-pawnshop
[38;5;83m[           resources] Started resource qb-pawnshop
[    c-scripting-core] Creating script environments for qb-phone
[           resources] Started resource qb-phone
[    c-scripting-core] Creating script environments for qb-policejob
[           resources] Started resource qb-policejob
[38;5;161m[    c-scripting-core] Creating script environments for qb-prison
[           resources] Started resource qb-prison
[    c-scripting-core] Creating script environments for qb-radialmenu
[           resources] [0mStarted resource qb-radialmenu
[    c-scripting-core] Creating script environments for qb-recyclejob
[           resources] Started resource qb-recyclejob
[    c-scripting-core] Creating script environments for qb-scoreboard
[           resources] Started resource qb-scoreboard
[    c-scripting-core] Creating script environments for qb-scrapyard
[38;5;83m[           resources] Started resource qb-scrapyard
[    c-scripting-core] Creating script environments for qb-shops
[           resources] Started resource qb-shops
[    c-scripting-core] Creating script environments for qb-smallresources
[38;5;83m[           resources] Started resource qb-smallresources
[    c-scripting-core] Creating script environments for qb-storerobbery
[           resources] Started resource qb-storerobbery
[    c-scripting-core] Creating script environments for qb-streetraces
[38;5;83m[           resources] Started resource qb-streetraces
[           resources] Started resource qb-target
[    c-scripting-core] Creating script environments for qb-taxijob
[           resources] Started resource qb-taxijob
[    c-scripting-core] Creating script environments for qb-towjob
[38;5;83m[           resources] Started resource qb-towjob
[    c-scripting-core] Creating script environments for qb-truckrobbery
[38;5;83m[           resources] Started resource qb-truckrobbery
[    c-scripting-core] Creating script environments for qb-vehiclekeys
[38;5;83m[           resources] Started resource qb-vehiclekeys
[    c-scripting-core] Creating script environments for qb-vehiclesales
[           resources] Started resource qb-vehiclesales
[    c-scripting-core] Creating script environments for qb-vehicleshop
[           resources] Started resource qb-vehicleshop
[    c-scripting-core] Creating script environments for qb-vineyard
[           resources] Started resource qb-vineyard
[    c-scripting-core] Creating script environments for qb-weed
[           resources] Started resource qb-weed
[    c-scripting-core] Creating script environments for dyn-seas
[           resources] [0mStarted resource dyn-seas
[    c-scripting-core] [0mCreating script environments for pug-sling
[           resources] Started resource pug-sling
[    c-scripting-core] Creating script environments for snipe-menu
[           resources] Started resource snipe-menu
[38;5;161m[    c-scripting-core] Creating script environments for LegacyFuel
[           resources] Started resource LegacyFuel
[           resources] Started resource bob74_ipl
[    c-scripting-core] Creating script environments for connectqueue
[ script:connectqueue] QUEUE:  [connectqueue] Disabling hardcap 
[           resources] Stopping resource hardcap
[           resources] Started resource connectqueue
[    c-scripting-core] Creating script environments for interact-sound
[           resources] Started resource interact-sound
[           resources] Started resource progressbar
[           resources] Started resource safecracker
[ citizen-server-impl] Running build tasks on resource screenshot-basic - it'll restart once completed.
[      script:webpack] webpack is busy: we are waiting to compile screenshot-basic (client.config.js)
[ citizen-server-impl] Couldn't start resource screenshot-basic.
[    c-scripting-core] Creating script environments for pma-voice
[38;5;83m[           resources] Started resource pma-voice
[    c-scripting-core] Creating script environments for qb-radio
[           resources] Started resource qb-radio
[38;5;83m[           resources] Started resource dealer_map
[38;5;83m[           resources] Started resource hospital_map
[           resources] Started resource prison_canteen
[resources:prison_mai] Asset prison_main/desertos_prison.ytd uses 30.5 MiB of physical memory.
[           resources] Started resource prison_main (1 warning)
[           resources] Started resource prison_meeting
[ citizen-server-impl] Couldn't find resource category [dynmaps].
[38;5;127m[ resources:rmodm4gts] Warning: could not find file `vehiclelayouts.meta` (defined in __resource.lua:3)
[resources:rmodm4gts:] Asset rmodm4gts/rmodm4gts.yft uses 22.4 MiB of virtual memory.
[resources:rmodm4gts:] Asset rmodm4gts/rmodm4gts.ytd uses 69.0 MiB of physical memory. Oversized assets can and WILL lead to streaming issues (such as models not loading/rendering).
[resources:rmodm4gts:] Asset rmodm4gts/rmodm4gts_hi.yft uses 20.5 MiB of virtual memory.
[           resources] Started resource rmodm4gts (4 warnings)
[      script:webpack] webpack is busy: we are waiting to compile screenshot-basic (client.config.js)
[38;5;154m[   script:mapmanager] Started map fivem-map-hipster
[           resources] Started resource fivem-map-hipster
[      script:oxmysql] [10.4.32-MariaDB] Database server connection established!
[ script:qb-inventory] 1 inventories successfully loaded
[ citizen-server-impl]         fff                          
[ citizen-server-impl]   cccc ff   xx  xx     rr rr    eee  
[ citizen-server-impl] cc     ffff   xx       rrr  r ee   e 
[ citizen-server-impl] cc     ff     xx   ... rr     eeeee  
[ citizen-server-impl]  ccccc ff   xx  xx ... rr      eeeee 
[ citizen-server-impl]                                      
[ citizen-server-impl] Authenticated with cfx.re Nucleus: https://dandiablostv-8vvv94.users.cfx.re/
[38;5;172m[     script:dyn-seas] [fiveguard-Admin-Panel] Unauthorized Access to Websocket, reason: Invalid IPv4 Address
[38;5;21m[      script:webpack] webpack is busy: we are waiting to compile screenshot-basic (client.config.js)
[38;5;73m[ citizen-server-impl] server thread hitch warning: timer interval of 368 milliseconds
[     script:dyn-seas] 
[     script:dyn-seas] 
[     script:dyn-seas] 	   :-=: .-:                                                                           .:.
[     script:dyn-seas] 	  #@@#+ +@#                                                                           +@=
[     script:dyn-seas] 	 :@@+    .   ..      .     .:::        .::::.    .      ..    ::::      .  ::.    ::::*@-
[     script:dyn-seas] 	+@@@@%- +@% .@@-    +@%  +%@@%@@#-   -#%#**#@%: *@:    :@#  *%#**#%*.  =@#%%%# :#@#**#%@=
[     script:dyn-seas] 	 .@@=   +@@  =@@.  :@@- %@#.   -@@= -@%.    #@: #@:    -@*        -@#  :@@-   :@%.    +@-
[     script:dyn-seas] 	 .@@=   +@@   *@% .@@+ :@@%%%%%%@@# +@-     #@: #@:    -@#  =**####@%  :@#    +@=     +@-
[     script:dyn-seas] 	 .@@=   +@%    %@+*@#  .@@+........ +@=     #@: #@:    :@* %@-::..-@#  :@#    +@=     +@-
[     script:dyn-seas] 	 .@@=   +@@    :@@@%    =@@*=-=*#=  .%@+--+#@@: +@#:.:+%@# @@-..-+#@%  :@%    .%@=::-*@@=
[     script:dyn-seas] 	  **:   -*+     -**:     .=##%#*=.    :+**+:#@:  -*###+:+* .+###*=:+*. .*+      =###*=:*+
[     script:dyn-seas] 	                                     -:    =@#               v3.2.5
[     script:dyn-seas] 	                                     *%@%%@%=                                            
[     script:dyn-seas] 
[     script:dyn-seas] 		  Welcome back to fiveguard, H34B-1UOC-X2UE-G4O6. Your license expires in 364839 days.
[     script:dyn-seas] 
[     script:dyn-seas] 
[     script:dyn-seas] [fiveguard] Loaded 0 Bans
[ citizen-server-impl] server thread hitch warning: timer interval of 1184 milliseconds
[      script:webpack] webpack is busy: we are waiting to compile screenshot-basic (client.config.js)
[      script:webpack] webpack is busy: we are waiting to compile screenshot-basic (client.config.js)
[38;5;21m[      script:webpack] chat: built webpack.config.js
[ citizen-server-impl] Build tasks completed - starting resource chat.
[38;5;161m[    c-scripting-core] Creating script environments for chat
[           resources] Started resource chat
[      script:webpack] screenshot-basic: started building client.config.js
[38;5;21m[      script:webpack] webpack is busy: we are waiting to compile screenshot-basic (server.config.js)
[ citizen-server-impl] server thread hitch warning: timer interval of 4497 milliseconds
[      script:webpack] webpack is busy: we are waiting to compile screenshot-basic (server.config.js)
[      script:webpack] screenshot-basic: built client.config.js
[38;5;21m[      script:webpack] screenshot-basic: started building server.config.js
[      script:webpack] webpack is busy: we are waiting to compile screenshot-basic (ui.config.js)
[ citizen-server-impl] server thread hitch warning: timer interval of 3085 milliseconds
[      script:webpack] webpack is busy: we are waiting to compile screenshot-basic (ui.config.js)
[38;5;21m[      script:webpack] screenshot-basic: built server.config.js
[      script:webpack] screenshot-basic: started building ui.config.js
[      script:webpack] screenshot-basic: built ui.config.js
[ citizen-server-impl] Build tasks completed - starting resource screenshot-basic.
[38;5;161m[    c-scripting-core] Creating script environments for screenshot-basic
[           resources] Started resource screenshot-basic
[ citizen-server-impl] server thread hitch warning: timer interval of 188 milliseconds
> txaEvent "serverShuttingDown" "{＂delay＂:5000,＂author＂:＂DanDiablosTV＂,＂message＂:＂Server restarting (requested by DanDiablosTV).＂}"
[38;5;84m[      script:monitor] [txAdmin] Server shutdown imminent. Kicking all players.

================================================================
======== FXServer Starting - 5/31/2024, 7:08:34 PM              
================================================================
[           resources] Scanning resources.
[38;5;127m[ resources:rmodm4gts] Warning: rmodm4gts has an outdated manifest (__resource.lua instead of fxmanifest.lua)
[           resources] Found 102 resources.
[           resources] 1 warning was encountered.
[          svadhesive] Authenticating server license key...
[          svadhesive] Server license key authentication succeeded. Welcome!
[    c-scripting-core] Creating script environments for sessionmanager
[           resources] Started resource sessionmanager
[    c-scripting-core] Creating script environments for monitor
[      script:monitor] [txAdmin] Resource v7.1.0 threads and commands set up. All Ready.
[38;5;83m[           resources] Started resource monitor
[    c-scripting-core] Creating script environments for mapmanager
[           resources] Started resource mapmanager
[    c-scripting-core] Creating script environments for yarn
[           resources] Started resource yarn
[    c-scripting-core] Creating script environments for webpack
[           resources] Started resource webpack
[    c-scripting-core] Creating script environments for chat
[           resources] Started resource chat
[           resources] Started resource spawnmanager
[   script:mapmanager] Started gametype Freeroam
[           resources] Started resource basic-gamemode
[    c-scripting-core] [97mCreating script environments for hardcap
[           resources] Started resource hardcap
[38;5;161m[    c-scripting-core] Creating script environments for baseevents
[           resources] Started resource baseevents
[    c-scripting-core] Creating script environments for oxmysql
[           resources] Started resource oxmysql
[    c-scripting-core] Creating script environments for qb-core
[           resources] Started resource qb-core
[           resources] Started resource menuv
[    c-scripting-core] Creating script environments for qb-adminmenu
[           resources] Started resource qb-adminmenu
[    c-scripting-core] Creating script environments for qb-ambulancejob
[           resources] Started resource qb-ambulancejob
[           resources] Started resource qb-interior
[    c-scripting-core] Creating script environments for qb-clothing
[           resources] [97mStarted resource qb-clothing
[    c-scripting-core] Creating script environments for qb-weathersync
[           resources] Started resource qb-weathersync
[    c-scripting-core] Creating script environments for qb-apartments
[           resources] Started resource qb-apartments
[    c-scripting-core] Creating script environments for qb-banking
[38;5;83m[           resources] Started resource qb-banking
[38;5;161m[    c-scripting-core] Creating script environments for PolyZone
[           resources] Started resource PolyZone
[    c-scripting-core] Creating script environments for qb-bankrobbery
[           resources] Started resource qb-bankrobbery
[    c-scripting-core] [97mCreating script environments for qb-busjob
[           resources] Started resource qb-busjob
[    c-scripting-core] Creating script environments for qb-cityhall
[           resources] Started resource qb-cityhall
[    c-scripting-core] Creating script environments for qb-crafting
[           resources] Started resource qb-crafting
[           resources] Started resource qb-minigames
[    c-scripting-core] Creating script environments for qb-crypto
[           resources] Started resource qb-crypto
[38;5;161m[    c-scripting-core] Creating script environments for qb-diving
[38;5;83m[           resources] Started resource qb-diving
[    c-scripting-core] Creating script environments for qb-doorlock
[38;5;83m[           resources] Started resource qb-doorlock
[    c-scripting-core] Creating script environments for qb-drugs
[38;5;83m[           resources] Started resource qb-drugs
[    c-scripting-core] Creating script environments for qb-garages
[           resources] Started resource qb-garages
[38;5;161m[    c-scripting-core] Creating script environments for qb-garbagejob
[38;5;83m[           resources] Started resource qb-garbagejob
[38;5;161m[    c-scripting-core] Creating script environments for qb-hotdogjob
[           resources] Started resource qb-hotdogjob
[    c-scripting-core] Creating script environments for qb-houserobbery
[           resources] Started resource qb-houserobbery
[    c-scripting-core] Creating script environments for qb-houses
[           resources] Started resource qb-houses
[    c-scripting-core] Creating script environments for qb-hud
[           resources] Started resource qb-hud
[           resources] Started resource qb-input
[    c-scripting-core] [0mCreating script environments for qb-weapons
[           resources] [97mStarted resource qb-weapons
[    c-scripting-core] [97mCreating script environments for qb-inventory
[38;5;83m[           resources] Started resource qb-inventory
[    c-scripting-core] Creating script environments for qb-jewelery
[38;5;83m[           resources] Started resource qb-jewelery
[38;5;161m[    c-scripting-core] Creating script environments for qb-lapraces
[           resources] Started resource qb-lapraces
[           resources] [97mStarted resource qb-loading
[    c-scripting-core] [97mCreating script environments for qb-management
[           resources] Started resource qb-management
[    c-scripting-core] [97mCreating script environments for qb-mechanicjob
[           resources] Started resource qb-mechanicjob
[           resources] Started resource qb-menu
[    c-scripting-core] [0mCreating script environments for qb-spawn
[           resources] Started resource qb-spawn
[    c-scripting-core] Creating script environments for qb-multicharacter
[           resources] Started resource qb-multicharacter
[    c-scripting-core] Creating script environments for qb-newsjob
[38;5;83m[           resources] Started resource qb-newsjob
[38;5;161m[    c-scripting-core] Creating script environments for qb-pawnshop
[38;5;83m[           resources] Started resource qb-pawnshop
[38;5;161m[    c-scripting-core] Creating script environments for qb-phone
[38;5;83m[           resources] Started resource qb-phone
[38;5;161m[    c-scripting-core] Creating script environments for qb-policejob
[38;5;83m[           resources] Started resource qb-policejob
[38;5;161m[    c-scripting-core] Creating script environments for qb-prison
[           resources] Started resource qb-prison
[    c-scripting-core] Creating script environments for qb-radialmenu
[           resources] Started resource qb-radialmenu
[    c-scripting-core] Creating script environments for qb-recyclejob
[           resources] [0mStarted resource qb-recyclejob
[38;5;161m[    c-scripting-core] Creating script environments for qb-scoreboard
[38;5;83m[           resources] Started resource qb-scoreboard
[38;5;161m[    c-scripting-core] Creating script environments for qb-scrapyard
[           resources] Started resource qb-scrapyard
[    c-scripting-core] Creating script environments for qb-shops
[           resources] Started resource qb-shops
[    c-scripting-core] Creating script environments for qb-smallresources
[           resources] Started resource qb-smallresources
[    c-scripting-core] Creating script environments for qb-storerobbery
[           resources] Started resource qb-storerobbery
[    c-scripting-core] [97mCreating script environments for qb-streetraces
[38;5;83m[           resources] Started resource qb-streetraces
[38;5;83m[           resources] Started resource qb-target
[38;5;161m[    c-scripting-core] Creating script environments for qb-taxijob
[38;5;83m[           resources] Started resource qb-taxijob
[38;5;161m[    c-scripting-core] Creating script environments for qb-towjob
[38;5;83m[           resources] Started resource qb-towjob
[38;5;161m[    c-scripting-core] Creating script environments for qb-truckrobbery
[           resources] Started resource qb-truckrobbery
[    c-scripting-core] Creating script environments for qb-vehiclekeys
[           resources] [0mStarted resource qb-vehiclekeys
[    c-scripting-core] Creating script environments for qb-vehiclesales
[           resources] Started resource qb-vehiclesales
[    c-scripting-core] Creating script environments for qb-vehicleshop
[38;5;83m[           resources] Started resource qb-vehicleshop
[38;5;161m[    c-scripting-core] Creating script environments for qb-vineyard
[           resources] Started resource qb-vineyard
[    c-scripting-core] Creating script environments for qb-weed
[           resources] Started resource qb-weed
[    c-scripting-core] Creating script environments for dyn-seas
[           resources] Started resource dyn-seas
[    c-scripting-core] Creating script environments for pug-sling
[           resources] Started resource pug-sling
[    c-scripting-core] Creating script environments for snipe-menu
[           resources] Started resource snipe-menu
[    c-scripting-core] Creating script environments for LegacyFuel
[           resources] Started resource LegacyFuel
[           resources] [97mStarted resource bob74_ipl
[38;5;161m[    c-scripting-core] Creating script environments for connectqueue
[ script:connectqueue] QUEUE:  [connectqueue] Disabling hardcap 
[           resources] Stopping resource hardcap
[           resources] [0mStarted resource connectqueue
[    c-scripting-core] Creating script environments for interact-sound
[           resources] Started resource interact-sound
[           resources] Started resource progressbar
[           resources] Started resource safecracker
[    c-scripting-core] Creating script environments for screenshot-basic
[           resources] Started resource screenshot-basic
[    c-scripting-core] Creating script environments for pma-voice
[           resources] Started resource pma-voice
[    c-scripting-core] Creating script environments for qb-radio
[38;5;83m[           resources] Started resource qb-radio
[           resources] Started resource dealer_map
[           resources] Started resource hospital_map
[           resources] Started resource prison_canteen
[resources:prison_mai] Asset prison_main/desertos_prison.ytd uses 30.5 MiB of physical memory.
[           resources] Started resource prison_main (1 warning)
[           resources] Started resource prison_meeting
[ citizen-server-impl] [0mCouldn't find resource category [dynmaps].
[38;5;127m[ resources:rmodm4gts] Warning: could not find file `vehiclelayouts.meta` (defined in __resource.lua:3)
[resources:rmodm4gts:] Asset rmodm4gts/rmodm4gts.yft uses 22.4 MiB of virtual memory.
[resources:rmodm4gts:] Asset rmodm4gts/rmodm4gts.ytd uses 69.0 MiB of physical memory. Oversized assets can and WILL lead to streaming issues (such as models not loading/rendering).
[resources:rmodm4gts:] Asset rmodm4gts/rmodm4gts_hi.yft uses 20.5 MiB of virtual memory.
[           resources] Started resource rmodm4gts (4 warnings)
[   script:mapmanager] Started map fivem-map-skater
[           resources] Started resource fivem-map-skater
[      script:oxmysql] [10.4.32-MariaDB] Database server connection established!
[ script:qb-inventory] 1 inventories successfully loaded
[ citizen-server-impl]         fff                          
[ citizen-server-impl]   cccc ff   xx  xx     rr rr    eee  
[ citizen-server-impl] cc     ffff   xx       rrr  r ee   e 
[ citizen-server-impl] cc     ff     xx   ... rr     eeeee  
[ citizen-server-impl]  ccccc ff   xx  xx ... rr      eeeee 
[ citizen-server-impl]                                      
[ citizen-server-impl] Authenticated with cfx.re Nucleus: https://dandiablostv-8vvv94.users.cfx.re/
[     script:dyn-seas] [fiveguard-Admin-Panel] established connection with Admin Panel Websocket
[38;5;73m[ citizen-server-impl] server thread hitch warning: timer interval of 414 milliseconds
[     script:dyn-seas] 
[     script:dyn-seas] 
[     script:dyn-seas] 	   :-=: .-:                                                                           .:.
[     script:dyn-seas] 	  #@@#+ +@#                                                                           +@=
[     script:dyn-seas] 	 :@@+    .   ..      .     .:::        .::::.    .      ..    ::::      .  ::.    ::::*@-
[     script:dyn-seas] 	+@@@@%- +@% .@@-    +@%  +%@@%@@#-   -#%#**#@%: *@:    :@#  *%#**#%*.  =@#%%%# :#@#**#%@=
[     script:dyn-seas] 	 .@@=   +@@  =@@.  :@@- %@#.   -@@= -@%.    #@: #@:    -@*        -@#  :@@-   :@%.    +@-
[     script:dyn-seas] 	 .@@=   +@@   *@% .@@+ :@@%%%%%%@@# +@-     #@: #@:    -@#  =**####@%  :@#    +@=     +@-
[     script:dyn-seas] 	 .@@=   +@%    %@+*@#  .@@+........ +@=     #@: #@:    :@* %@-::..-@#  :@#    +@=     +@-
[     script:dyn-seas] 	 .@@=   +@@    :@@@%    =@@*=-=*#=  .%@+--+#@@: +@#:.:+%@# @@-..-+#@%  :@%    .%@=::-*@@=
[     script:dyn-seas] 	  **:   -*+     -**:     .=##%#*=.    :+**+:#@:  -*###+:+* .+###*=:+*. .*+      =###*=:*+
[     script:dyn-seas] 	                                     -:    =@#               v3.2.5
[     script:dyn-seas] 	                                     *%@%%@%=                                            
[     script:dyn-seas] 
[     script:dyn-seas] 		  Welcome back to fiveguard, H34B-1UOC-X2UE-G4O6. Your license expires in 364839 days.
[     script:dyn-seas] 
[     script:dyn-seas] 
[     script:dyn-seas] [fiveguard] Loaded 0 Bans
[ citizen-server-impl] server thread hitch warning: timer interval of 1133 milliseconds
