
================================================================
======== txAdmin Starting - 5/31/2024, 6:57:23 PM               
================================================================
[6:58:04 PM] txAdmin: Logger started
[7:08:39 PM] txAdmin: Logger started
[7:10:23 PM] [nTHhH#1] Daniel: joined with identifiers [license:8c60b1757310e7b9fd2e3b85e9bb4304de37b025; xbl:2535435834345600; live:844427834017009; discord:608284540317728786; fivem:8846237; license2:8c60b1757310e7b9fd2e3b85e9bb4304de37b025]
[7:14:26 PM] [nTHhH#1] Daniel: said "/fiveguard"
[7:14:47 PM] [nTHhH#1] Daniel: said "/fg"
[8:23:27 PM] [nTHhH#1] Daniel: disconnected ([txAdmin] Server restarting (requested by DanDiablosTV).)
[8:23:38 PM] txAdmin: Logger started
[8:24:45 PM] [QCr4z#1] Daniel: joined with identifiers [license:8c60b1757310e7b9fd2e3b85e9bb4304de37b025; xbl:2535435834345600; live:844427834017009; discord:608284540317728786; fivem:8846237; license2:8c60b1757310e7b9fd2e3b85e9bb4304de37b025]
[8:39:24 PM] [QCr4z#1] Daniel: disconnected ([txAdmin] Server restarting (requested by DanDiablosTV).)
[8:39:35 PM] txAdmin: Logger started
[8:40:19 PM] [XMTaD#1] Daniel: joined with identifiers [license:8c60b1757310e7b9fd2e3b85e9bb4304de37b025; xbl:2535435834345600; live:844427834017009; discord:608284540317728786; fivem:8846237; license2:8c60b1757310e7b9fd2e3b85e9bb4304de37b025]
[8:41:53 PM] [XMTaD#1] Daniel: disconnected ([txAdmin] Server restarting (requested by DanDiablosTV).)
[8:42:03 PM] txAdmin: Logger started
[8:43:06 PM] [ctKAr#1] Daniel: joined with identifiers [license:8c60b1757310e7b9fd2e3b85e9bb4304de37b025; xbl:2535435834345600; live:844427834017009; discord:608284540317728786; fivem:8846237; license2:8c60b1757310e7b9fd2e3b85e9bb4304de37b025]
[9:02:33 PM] [ctKAr#1] Daniel: disconnected ([txAdmin] Server restarting (requested by DanDiablosTV).)
[9:02:44 PM] txAdmin: Logger started
[9:04:02 PM] [qB4BC#1] Daniel: joined with identifiers [license:8c60b1757310e7b9fd2e3b85e9bb4304de37b025; xbl:2535435834345600; live:844427834017009; discord:608284540317728786; fivem:8846237; license2:8c60b1757310e7b9fd2e3b85e9bb4304de37b025]
[9:25:18 PM] [qB4BC#1] Daniel: disconnected ([txAdmin] Server restarting (requested by DanDiablosTV).)
[9:25:28 PM] txAdmin: Logger started
[9:27:15 PM] [33yEa#1] Daniel: joined with identifiers [license:8c60b1757310e7b9fd2e3b85e9bb4304de37b025; xbl:2535435834345600; live:844427834017009; discord:608284540317728786; fivem:8846237; license2:8c60b1757310e7b9fd2e3b85e9bb4304de37b025]
[9:29:02 PM] [33yEa#1] Daniel: disconnected ([txAdmin] Server restarting (requested by DanDiablosTV).)
[9:29:13 PM] txAdmin: Logger started
[9:33:12 PM] [WyY3i#1] Daniel: joined with identifiers [license:8c60b1757310e7b9fd2e3b85e9bb4304de37b025; xbl:2535435834345600; live:844427834017009; discord:608284540317728786; fivem:8846237; license2:8c60b1757310e7b9fd2e3b85e9bb4304de37b025]
[9:38:03 PM] [WyY3i#1] Daniel: disconnected ([txAdmin] Server restarting (requested by DanDiablosTV).)
[9:38:14 PM] txAdmin: Logger started
[9:38:45 PM] [ir6RG#1] Daniel: joined with identifiers [license:8c60b1757310e7b9fd2e3b85e9bb4304de37b025; xbl:2535435834345600; live:844427834017009; discord:608284540317728786; fivem:8846237; license2:8c60b1757310e7b9fd2e3b85e9bb4304de37b025]
[10:44:05 PM] [ir6RG#1] Daniel: disconnected ([txAdmin] Server restarting (requested by DanDiablosTV).)
[10:44:35 PM] txAdmin: Logger started
[10:45:02 PM] [7dpkm#1] Daniel: joined with identifiers [license:8c60b1757310e7b9fd2e3b85e9bb4304de37b025; xbl:2535435834345600; live:844427834017009; discord:608284540317728786; fivem:8846237; license2:8c60b1757310e7b9fd2e3b85e9bb4304de37b025]
[10:47:06 PM] [7dpkm#1] Daniel: disconnected ([FIVEGUARD.NET] You have been banned for cheating by automated system. This ban never expires. If you think this is an error, please contact the server administrator. Your ban ID: 1	Discord: https://discord.gg/oakwoodhills)
[10:50:14 PM] [7dpkm#2] Daniel: joined with identifiers [license:8c60b1757310e7b9fd2e3b85e9bb4304de37b025; xbl:2535435834345600; live:844427834017009; discord:608284540317728786; fivem:8846237; license2:8c60b1757310e7b9fd2e3b85e9bb4304de37b025]
[10:51:47 PM] [7dpkm#2] Daniel: disconnected ([txAdmin] Server restarting (requested by DanDiablosTV).)
[10:51:59 PM] txAdmin: Logger started
[10:52:47 PM] [ycX6i#1] Daniel: joined with identifiers [license:8c60b1757310e7b9fd2e3b85e9bb4304de37b025; xbl:2535435834345600; live:844427834017009; discord:608284540317728786; fivem:8846237; license2:8c60b1757310e7b9fd2e3b85e9bb4304de37b025]
[10:58:31 PM] [ycX6i#1] Daniel: disconnected ([txAdmin] Server restarting (requested by DanDiablosTV).)
[10:59:01 PM] txAdmin: Logger started
[11:00:08 PM] [cnBtd#1] Daniel: joined with identifiers [license:8c60b1757310e7b9fd2e3b85e9bb4304de37b025; xbl:2535435834345600; live:844427834017009; discord:608284540317728786; fivem:8846237; license2:8c60b1757310e7b9fd2e3b85e9bb4304de37b025]
[11:10:09 PM] [cnBtd#1] Daniel: disconnected ([txAdmin] Server restarting (requested by DanDiablosTV).)
[11:10:22 PM] txAdmin: Logger started
[11:11:18 PM] [zWT86#1] Daniel: joined with identifiers [license:8c60b1757310e7b9fd2e3b85e9bb4304de37b025; xbl:2535435834345600; live:844427834017009; discord:608284540317728786; fivem:8846237; license2:8c60b1757310e7b9fd2e3b85e9bb4304de37b025]
[11:18:23 PM] [zWT86#1] Daniel: disconnected ([txAdmin] Server restarting (requested by DanDiablosTV).)
[11:18:34 PM] txAdmin: Logger started
[11:20:13 PM] txAdmin: Logger started
[11:22:30 PM] [DRQ9B#1] Daniel: joined with identifiers [license:8c60b1757310e7b9fd2e3b85e9bb4304de37b025; xbl:2535435834345600; live:844427834017009; discord:608284540317728786; fivem:8846237; license2:8c60b1757310e7b9fd2e3b85e9bb4304de37b025]
[11:25:19 PM] [DRQ9B#1] Daniel: disconnected ([txAdmin] Server restarting (requested by DanDiablosTV).)
[11:25:31 PM] txAdmin: Logger started
[11:27:53 PM] [4zxjp#1] Daniel: joined with identifiers [license:8c60b1757310e7b9fd2e3b85e9bb4304de37b025; xbl:2535435834345600; live:844427834017009; discord:608284540317728786; fivem:8846237; license2:8c60b1757310e7b9fd2e3b85e9bb4304de37b025]
[11:29:07 PM] [4zxjp#1] Daniel: disconnected ([txAdmin] Server restarting (requested by DanDiablosTV).)
[11:29:18 PM] txAdmin: Logger started
[11:30:05 PM] [kdG3F#1] Daniel: joined with identifiers [license:8c60b1757310e7b9fd2e3b85e9bb4304de37b025; xbl:2535435834345600; live:844427834017009; discord:608284540317728786; fivem:8846237; license2:8c60b1757310e7b9fd2e3b85e9bb4304de37b025]
[11:42:54 PM] [kdG3F#1] Daniel: said "/a"
[11:54:30 PM] [kdG3F#1] Daniel: disconnected ([txAdmin] Server restarting (requested by DanDiablosTV).)
[11:54:42 PM] txAdmin: Logger started
[11:55:54 PM] [r9UMn#1] Daniel: joined with identifiers [license:8c60b1757310e7b9fd2e3b85e9bb4304de37b025; xbl:2535435834345600; live:844427834017009; discord:608284540317728786; fivem:8846237; license2:8c60b1757310e7b9fd2e3b85e9bb4304de37b025]
[11:57:50 PM] [r9UMn#1] Daniel: disconnected ([txAdmin] Server restarting (requested by DanDiablosTV).)
[11:58:01 PM] txAdmin: Logger started
[11:58:32 PM] [pDUcD#1] Daniel: joined with identifiers [license:8c60b1757310e7b9fd2e3b85e9bb4304de37b025; xbl:2535435834345600; live:844427834017009; discord:608284540317728786; fivem:8846237; license2:8c60b1757310e7b9fd2e3b85e9bb4304de37b025]
